Arguments: 
  /Users/shruthihulivananagaraju/.nvm/versions/node/v16.19.0/bin/node /Users/shruthihulivananagaraju/.nvm/versions/node/v16.19.0/bin/yarn add –D eslint eslint-config-airbnb-base eslint-config-prettier eslint-plugin-import eslint-plugin-prettier eslint-plugin-yml prettier

PATH: 
  /Users/shruthihulivananagaraju/.phpenv/shims:/Users/shruthihulivananagaraju/.phpenv/bin:/Users/shruthihulivananagaraju/.nvm/versions/node/v16.19.0/bin:/opt/homebrew/bin:/opt/homebrew/sbin:/usr/local/bin:/System/Cryptexes/App/usr/bin:/usr/bin:/bin:/usr/sbin:/sbin:/Users/shruthihulivananagaraju/.phpenv/shims:/Users/shruthihulivananagaraju/.phpenv/bin:/Users/shruthihulivananagaraju/.nvm/versions/node/v16.19.0/bin:/opt/homebrew/bin:/opt/homebrew/sbin:/Users/shruthihulivananagaraju/.cargo/bin

Yarn version: 
  1.22.19

Node version: 
  16.19.0

Platform: 
  darwin arm64

Trace: 
  TypeError [ERR_UNESCAPED_CHARACTERS]: https://registry.yarnpkg.com/–D: Request path contains unescaped characters
      at new NodeError (node:internal/errors:387:5)
      at new ClientRequest (node:_http_client:182:13)
      at Object.request (node:https:357:10)
      at Request.module.exports.Request.start (/Users/shruthihulivananagaraju/.nvm/versions/node/v16.19.0/lib/node_modules/yarn/lib/cli.js:141452:32)
      at Request.module.exports.Request.end (/Users/shruthihulivananagaraju/.nvm/versions/node/v16.19.0/lib/node_modules/yarn/lib/cli.js:142211:10)
      at end (/Users/shruthihulivananagaraju/.nvm/versions/node/v16.19.0/lib/node_modules/yarn/lib/cli.js:141265:14)
      at Immediate.<anonymous> (/Users/shruthihulivananagaraju/.nvm/versions/node/v16.19.0/lib/node_modules/yarn/lib/cli.js:141279:7)
      at processImmediate (node:internal/timers:466:21)

npm manifest: 
  No manifest

yarn manifest: 
  No manifest

Lockfile: 
  # THIS IS AN AUTOGENERATED FILE. DO NOT EDIT THIS FILE DIRECTLY.
  # yarn lockfile v1
